# JRE version: OpenJDK Runtime Environment (11.0.10) (build 11.0.10+0-b96-7249189)
# Java VM: OpenJDK 64-Bit Server VM (11.0.10+0-b96-7249189, mixed mode, tiered, compressed oops, g1 gc, windows-amd64)
Heap:
 garbage-first heap   total 792576K, used 298976K [0x0000000080000000, 0x0000000100000000)
  region size 1024K, 11 young (11264K), 11 survivors (11264K)
 Metaspace       used 167147K, capacity 172483K, committed 173900K, reserved 1200128K
  class space    used 20222K, capacity 22250K, committed 22604K, reserved 1048576K
GC Heap History (20 events):
Event: 22878.723 GC heap after
{Heap after GC invocations=319 (full 2):
 garbage-first heap   total 427008K, used 219827K [0x0000000080000000, 0x0000000100000000)
  region size 1024K, 16 young (16384K), 16 survivors (16384K)
 Metaspace       used 166899K, capacity 172199K, committed 173644K, reserved 1200128K
  class space    used 20196K, capacity 22201K, committed 22604K, reserved 1048576K
}
Event: 22878.925 GC heap before
{Heap before GC invocations=319 (full 2):
 garbage-first heap   total 427008K, used 330419K [0x0000000080000000, 0x0000000100000000)
  region size 1024K, 125 young (128000K), 16 survivors (16384K)
 Metaspace       used 167045K, capacity 172372K, committed 173900K, reserved 1200128K
  class space    used 20205K, capacity 22237K, committed 22604K, reserved 1048576K
}
Event: 22878.941 GC heap after
{Heap after GC invocations=320 (full 2):
 garbage-first heap   total 427008K, used 232028K [0x0000000080000000, 0x0000000100000000)
  region size 1024K, 13 young (13312K), 13 survivors (13312K)
 Metaspace       used 167045K, capacity 172372K, committed 173900K, reserved 1200128K
  class space    used 20205K, capacity 22237K, committed 22604K, reserved 1048576K
}
Event: 22879.137 GC heap before
{Heap before GC invocations=320 (full 2):
 garbage-first heap   total 427008K, used 337500K [0x0000000080000000, 0x0000000100000000)
  region size 1024K, 116 young (118784K), 13 survivors (13312K)
 Metaspace       used 167094K, capacity 172397K, committed 173900K, reserved 1200128K
  class space    used 20214K, capacity 22244K, committed 22604K, reserved 1048576K
}
Event: 22879.150 GC heap after
{Heap after GC invocations=321 (full 2):
 garbage-first heap   total 427008K, used 243287K [0x0000000080000000, 0x0000000100000000)
  region size 1024K, 15 young (15360K), 15 survivors (15360K)
 Metaspace       used 167094K, capacity 172397K, committed 173900K, reserved 1200128K
  class space    used 20214K, capacity 22244K, committed 22604K, reserved 1048576K
}
Event: 22879.291 GC heap before
{Heap before GC invocations=322 (full 2):
 garbage-first heap   total 427008K, used 340567K [0x0000000080000000, 0x0000000100000000)
  region size 1024K, 111 young (113664K), 15 survivors (15360K)
 Metaspace       used 167121K, capacity 172471K, committed 173900K, reserved 1200128K
  class space    used 20219K, capacity 22247K, committed 22604K, reserved 1048576K
}
Event: 22879.308 GC heap after
{Heap after GC invocations=323 (full 2):
 garbage-first heap   total 427008K, used 254320K [0x0000000080000000, 0x0000000100000000)
  region size 1024K, 14 young (14336K), 14 survivors (14336K)
 Metaspace       used 167121K, capacity 172471K, committed 173900K, reserved 1200128K
  class space    used 20219K, capacity 22247K, committed 22604K, reserved 1048576K
}
Event: 22879.317 GC heap before
{Heap before GC invocations=323 (full 2):
 garbage-first heap   total 427008K, used 260464K [0x0000000080000000, 0x0000000100000000)
  region size 1024K, 20 young (20480K), 14 survivors (14336K)
 Metaspace       used 167121K, capacity 172471K, committed 173900K, reserved 1200128K
  class space    used 20219K, capacity 22247K, committed 22604K, reserved 1048576K
}
Event: 22879.329 GC heap after
{Heap after GC invocations=324 (full 2):
 garbage-first heap   total 427008K, used 247358K [0x0000000080000000, 0x0000000100000000)
  region size 1024K, 3 young (3072K), 3 survivors (3072K)
 Metaspace       used 167121K, capacity 172471K, committed 173900K, reserved 1200128K
  class space    used 20219K, capacity 22247K, committed 22604K, reserved 1048576K
}
Event: 22879.436 GC heap before
{Heap before GC invocations=324 (full 2):
 garbage-first heap   total 427008K, used 340542K [0x0000000080000000, 0x0000000100000000)
  region size 1024K, 95 young (97280K), 3 survivors (3072K)
 Metaspace       used 167123K, capacity 172472K, committed 173900K, reserved 1200128K
  class space    used 20219K, capacity 22247K, committed 22604K, reserved 1048576K
}
Event: 22879.451 GC heap after
{Heap after GC invocations=325 (full 2):
 garbage-first heap   total 427008K, used 265988K [0x0000000080000000, 0x0000000100000000)
  region size 1024K, 12 young (12288K), 12 survivors (12288K)
 Metaspace       used 167123K, capacity 172472K, committed 173900K, reserved 1200128K
  class space    used 20219K, capacity 22247K, committed 22604K, reserved 1048576K
}
Event: 22879.600 GC heap before
{Heap before GC invocations=325 (full 2):
 garbage-first heap   total 427008K, used 342788K [0x0000000080000000, 0x0000000100000000)
  region size 1024K, 89 young (91136K), 12 survivors (12288K)
 Metaspace       used 167124K, capacity 172472K, committed 173900K, reserved 1200128K
  class space    used 20219K, capacity 22247K, committed 22604K, reserved 1048576K
}
Event: 22879.616 GC heap after
{Heap after GC invocations=326 (full 2):
 garbage-first heap   total 494592K, used 282218K [0x0000000080000000, 0x0000000100000000)
  region size 1024K, 11 young (11264K), 11 survivors (11264K)
 Metaspace       used 167124K, capacity 172472K, committed 173900K, reserved 1200128K
  class space    used 20219K, capacity 22247K, committed 22604K, reserved 1048576K
}
Event: 22879.894 GC heap before
{Heap before GC invocations=326 (full 2):
 garbage-first heap   total 494592K, used 389738K [0x0000000080000000, 0x0000000100000000)
  region size 1024K, 117 young (119808K), 11 survivors (11264K)
 Metaspace       used 167116K, capacity 172459K, committed 173900K, reserved 1200128K
  class space    used 20216K, capacity 22242K, committed 22604K, reserved 1048576K
}
Event: 22879.911 GC heap after
{Heap after GC invocations=327 (full 2):
 garbage-first heap   total 494592K, used 302164K [0x0000000080000000, 0x0000000100000000)
  region size 1024K, 15 young (15360K), 15 survivors (15360K)
 Metaspace       used 167116K, capacity 172459K, committed 173900K, reserved 1200128K
  class space    used 20216K, capacity 22242K, committed 22604K, reserved 1048576K
}
Event: 22880.157 GC heap before
{Heap before GC invocations=328 (full 2):
 garbage-first heap   total 494592K, used 394324K [0x0000000080000000, 0x0000000100000000)
  region size 1024K, 105 young (107520K), 15 survivors (15360K)
 Metaspace       used 167142K, capacity 172480K, committed 173900K, reserved 1200128K
  class space    used 20222K, capacity 22249K, committed 22604K, reserved 1048576K
}
Event: 22880.176 GC heap after
{Heap after GC invocations=329 (full 2):
 garbage-first heap   total 494592K, used 313436K [0x0000000080000000, 0x0000000100000000)
  region size 1024K, 14 young (14336K), 14 survivors (14336K)
 Metaspace       used 167142K, capacity 172480K, committed 173900K, reserved 1200128K
  class space    used 20222K, capacity 22249K, committed 22604K, reserved 1048576K
}
Event: 22880.207 GC heap before
{Heap before GC invocations=329 (full 2):
 garbage-first heap   total 494592K, used 323676K [0x0000000080000000, 0x0000000100000000)
  region size 1024K, 24 young (24576K), 14 survivors (14336K)
 Metaspace       used 167142K, capacity 172480K, committed 173900K, reserved 1200128K
  class space    used 20222K, capacity 22249K, committed 22604K, reserved 1048576K
}
Event: 22880.236 GC heap after
{Heap after GC invocations=330 (full 2):
 garbage-first heap   total 494592K, used 291146K [0x0000000080000000, 0x0000000100000000)
  region size 1024K, 3 young (3072K), 3 survivors (3072K)
 Metaspace       used 167142K, capacity 172480K, committed 173900K, reserved 1200128K
  class space    used 20222K, capacity 22249K, committed 22604K, reserved 1048576K
}
Event: 22880.388 GC heap before
{Heap before GC invocations=330 (full 2):
 garbage-first heap   total 494592K, used 390474K [0x0000000080000000, 0x0000000100000000)
  region size 1024K, 100 young (102400K), 3 survivors (3072K)
 Metaspace       used 167147K, capacity 172483K, committed 173900K, reserved 1200128K
  class space    used 20222K, capacity 22250K, committed 22604K, reserved 1048576K
}

