# JRE version: OpenJDK Runtime Environment (11.0.10) (build 11.0.10+0-b96-7249189)
# Java VM: OpenJDK 64-Bit Server VM (11.0.10+0-b96-7249189, mixed mode, tiered, compressed oops, g1 gc, windows-amd64)
Heap:
 garbage-first heap   total 995328K, used 317862K [0x0000000080000000, 0x0000000100000000)
  region size 1024K, 5 young (5120K), 5 survivors (5120K)
 Metaspace       used 95521K, capacity 97778K, committed 97868K, reserved 1134592K
  class space    used 12442K, capacity 13318K, committed 13388K, reserved 1048576K
GC Heap History (20 events):
Event: 14.183 GC heap after
{Heap after GC invocations=26 (full 0):
 garbage-first heap   total 258048K, used 217580K [0x0000000080000000, 0x0000000100000000)
  region size 1024K, 2 young (2048K), 2 survivors (2048K)
 Metaspace       used 93081K, capacity 95244K, committed 95820K, reserved 1132544K
  class space    used 11920K, capacity 12717K, committed 12876K, reserved 1048576K
}
Event: 14.232 GC heap before
{Heap before GC invocations=26 (full 0):
 garbage-first heap   total 258048K, used 228844K [0x0000000080000000, 0x0000000100000000)
  region size 1024K, 12 young (12288K), 2 survivors (2048K)
 Metaspace       used 93081K, capacity 95244K, committed 95820K, reserved 1132544K
  class space    used 11920K, capacity 12717K, committed 12876K, reserved 1048576K
}
Event: 14.236 GC heap after
{Heap after GC invocations=27 (full 0):
 garbage-first heap   total 258048K, used 221622K [0x0000000080000000, 0x0000000100000000)
  region size 1024K, 2 young (2048K), 2 survivors (2048K)
 Metaspace       used 93081K, capacity 95244K, committed 95820K, reserved 1132544K
  class space    used 11920K, capacity 12717K, committed 12876K, reserved 1048576K
}
Event: 14.300 GC heap before
{Heap before GC invocations=27 (full 0):
 garbage-first heap   total 258048K, used 239030K [0x0000000080000000, 0x0000000100000000)
  region size 1024K, 12 young (12288K), 2 survivors (2048K)
 Metaspace       used 93082K, capacity 95244K, committed 95820K, reserved 1132544K
  class space    used 11920K, capacity 12717K, committed 12876K, reserved 1048576K
}
Event: 14.307 GC heap after
{Heap after GC invocations=28 (full 0):
 garbage-first heap   total 258048K, used 227059K [0x0000000080000000, 0x0000000100000000)
  region size 1024K, 2 young (2048K), 2 survivors (2048K)
 Metaspace       used 93082K, capacity 95244K, committed 95820K, reserved 1132544K
  class space    used 11920K, capacity 12717K, committed 12876K, reserved 1048576K
}
Event: 14.361 GC heap before
{Heap before GC invocations=28 (full 0):
 garbage-first heap   total 258048K, used 237299K [0x0000000080000000, 0x0000000100000000)
  region size 1024K, 12 young (12288K), 2 survivors (2048K)
 Metaspace       used 93082K, capacity 95244K, committed 95820K, reserved 1132544K
  class space    used 11920K, capacity 12717K, committed 12876K, reserved 1048576K
}
Event: 14.372 GC heap after
{Heap after GC invocations=29 (full 0):
 garbage-first heap   total 258048K, used 231296K [0x0000000080000000, 0x0000000100000000)
  region size 1024K, 2 young (2048K), 2 survivors (2048K)
 Metaspace       used 93082K, capacity 95244K, committed 95820K, reserved 1132544K
  class space    used 11920K, capacity 12717K, committed 12876K, reserved 1048576K
}
Event: 14.413 GC heap before
{Heap before GC invocations=30 (full 0):
 garbage-first heap   total 258048K, used 240512K [0x0000000080000000, 0x0000000100000000)
  region size 1024K, 12 young (12288K), 2 survivors (2048K)
 Metaspace       used 93085K, capacity 95246K, committed 95820K, reserved 1132544K
  class space    used 11920K, capacity 12717K, committed 12876K, reserved 1048576K
}
Event: 14.423 GC heap after
{Heap after GC invocations=31 (full 0):
 garbage-first heap   total 258048K, used 235402K [0x0000000080000000, 0x0000000100000000)
  region size 1024K, 2 young (2048K), 2 survivors (2048K)
 Metaspace       used 93085K, capacity 95246K, committed 95820K, reserved 1132544K
  class space    used 11920K, capacity 12717K, committed 12876K, reserved 1048576K
}
Event: 14.457 GC heap before
{Heap before GC invocations=31 (full 0):
 garbage-first heap   total 258048K, used 243594K [0x0000000080000000, 0x0000000100000000)
  region size 1024K, 11 young (11264K), 2 survivors (2048K)
 Metaspace       used 93104K, capacity 95246K, committed 95820K, reserved 1132544K
  class space    used 11921K, capacity 12717K, committed 12876K, reserved 1048576K
}
Event: 14.466 GC heap after
{Heap after GC invocations=32 (full 0):
 garbage-first heap   total 258048K, used 238756K [0x0000000080000000, 0x0000000100000000)
  region size 1024K, 2 young (2048K), 2 survivors (2048K)
 Metaspace       used 93104K, capacity 95246K, committed 95820K, reserved 1132544K
  class space    used 11921K, capacity 12717K, committed 12876K, reserved 1048576K
}
Event: 14.529 GC heap before
{Heap before GC invocations=32 (full 0):
 garbage-first heap   total 258048K, used 252068K [0x0000000080000000, 0x0000000100000000)
  region size 1024K, 12 young (12288K), 2 survivors (2048K)
 Metaspace       used 93106K, capacity 95246K, committed 95820K, reserved 1132544K
  class space    used 11921K, capacity 12717K, committed 12876K, reserved 1048576K
}
Event: 14.544 GC heap after
{Heap after GC invocations=33 (full 0):
 garbage-first heap   total 414720K, used 246859K [0x0000000080000000, 0x0000000100000000)
  region size 1024K, 2 young (2048K), 2 survivors (2048K)
 Metaspace       used 93106K, capacity 95246K, committed 95820K, reserved 1132544K
  class space    used 11921K, capacity 12717K, committed 12876K, reserved 1048576K
}
Event: 14.757 GC heap before
{Heap before GC invocations=34 (full 0):
 garbage-first heap   total 414720K, used 290891K [0x0000000080000000, 0x0000000100000000)
  region size 1024K, 44 young (45056K), 2 survivors (2048K)
 Metaspace       used 93148K, capacity 95322K, committed 95820K, reserved 1132544K
  class space    used 11931K, capacity 12721K, committed 12876K, reserved 1048576K
}
Event: 14.781 GC heap after
{Heap after GC invocations=35 (full 0):
 garbage-first heap   total 414720K, used 264570K [0x0000000080000000, 0x0000000100000000)
  region size 1024K, 6 young (6144K), 6 survivors (6144K)
 Metaspace       used 93148K, capacity 95322K, committed 95820K, reserved 1132544K
  class space    used 11931K, capacity 12721K, committed 12876K, reserved 1048576K
}
Event: 15.046 GC heap before
{Heap before GC invocations=35 (full 0):
 garbage-first heap   total 414720K, used 304506K [0x0000000080000000, 0x0000000100000000)
  region size 1024K, 45 young (46080K), 6 survivors (6144K)
 Metaspace       used 95455K, capacity 97771K, committed 97868K, reserved 1134592K
  class space    used 12441K, capacity 13318K, committed 13388K, reserved 1048576K
}
Event: 15.076 GC heap after
{Heap after GC invocations=36 (full 0):
 garbage-first heap   total 414720K, used 283065K [0x0000000080000000, 0x0000000100000000)
  region size 1024K, 6 young (6144K), 6 survivors (6144K)
 Metaspace       used 95455K, capacity 97771K, committed 97868K, reserved 1134592K
  class space    used 12441K, capacity 13318K, committed 13388K, reserved 1048576K
}
Event: 15.183 GC heap before
{Heap before GC invocations=36 (full 0):
 garbage-first heap   total 414720K, used 318905K [0x0000000080000000, 0x0000000100000000)
  region size 1024K, 41 young (41984K), 6 survivors (6144K)
 Metaspace       used 95493K, capacity 97775K, committed 97868K, reserved 1134592K
  class space    used 12442K, capacity 13318K, committed 13388K, reserved 1048576K
}
Event: 15.206 GC heap after
{Heap after GC invocations=37 (full 0):
 garbage-first heap   total 414720K, used 301806K [0x0000000080000000, 0x0000000100000000)
  region size 1024K, 6 young (6144K), 6 survivors (6144K)
 Metaspace       used 95493K, capacity 97775K, committed 97868K, reserved 1134592K
  class space    used 12442K, capacity 13318K, committed 13388K, reserved 1048576K
}
Event: 15.287 GC heap before
{Heap before GC invocations=37 (full 0):
 garbage-first heap   total 414720K, used 330478K [0x0000000080000000, 0x0000000100000000)
  region size 1024K, 34 young (34816K), 6 survivors (6144K)
 Metaspace       used 95521K, capacity 97778K, committed 97868K, reserved 1134592K
  class space    used 12442K, capacity 13318K, committed 13388K, reserved 1048576K
}

